<?xml version="1.0" encoding="UTF-8"?>
<!-- Generated by org.testng.reporters.JUnitReportReporter -->
<testsuite skipped="0" hostname="SaleJul" name="com.herokuapp.theinternet.PositiveTests" tests="1" failures="0" timestamp="2020-01-25T16:41:40 CET" time="23.787" errors="0">
  <testcase name="loginTest" time="23.787" classname="com.herokuapp.theinternet.PositiveTests"/>
  <system-out/>
</testsuite> <!-- com.herokuapp.theinternet.PositiveTests -->
