<?xml version="1.0" encoding="UTF-8"?>
<!-- Generated by org.testng.reporters.JUnitReportReporter -->
<testsuite skipped="0" hostname="SaleJul" name="com.herokuapp.theinternet.NegativeTests" tests="2" failures="0" timestamp="2020-01-26T16:30:17 CET" time="54.901" errors="0">
  <testcase name="incorrectPasswordTest" time="20.333" classname="com.herokuapp.theinternet.NegativeTests"/>
  <system-out/>
  <testcase name="incorrectUsernameTest" time="34.568" classname="com.herokuapp.theinternet.NegativeTests"/>
  <system-out/>
</testsuite> <!-- com.herokuapp.theinternet.NegativeTests -->
