<?xml version="1.0" encoding="UTF-8"?>
<!-- Generated by org.testng.reporters.JUnitReportReporter -->
<testsuite skipped="0" hostname="SaleJul" name="com.herokuapp.theinternet.NegativeTests" tests="1" failures="0" timestamp="2020-01-26T15:48:59 CET" time="30.578" errors="0">
  <testcase name="incorrectPasswordTest" time="30.578" classname="com.herokuapp.theinternet.NegativeTests"/>
  <system-out/>
</testsuite> <!-- com.herokuapp.theinternet.NegativeTests -->
