<?xml version="1.0" encoding="UTF-8"?>
<!-- Generated by org.testng.reporters.JUnitReportReporter -->
<testsuite skipped="0" hostname="SaleJul" name="com.herokuapp.theinternet.PositiveTests" tests="1" failures="0" timestamp="2020-01-26T16:30:16 CET" time="24.852" errors="0">
  <testcase name="loginTest" time="24.852" classname="com.herokuapp.theinternet.PositiveTests"/>
  <system-out/>
</testsuite> <!-- com.herokuapp.theinternet.PositiveTests -->
